<?xml version="1.0" encoding="UTF-8"?>
<testng-results ignored="0" total="1" passed="1" failed="0" skipped="0">
  <reporter-output>
  </reporter-output>
  <suite started-at="2025-04-26T15:36:25 IST" name="Default suite" finished-at="2025-04-26T15:36:25 IST" duration-ms="59">
    <groups>
    </groups>
    <test started-at="2025-04-26T15:36:25 IST" name="Default test" finished-at="2025-04-26T15:36:25 IST" duration-ms="59">
      <class name="package1.TestNG1">
        <test-method signature="openBrowser()[pri:0, instance:package1.TestNG1@78691363]" started-at="2025-04-26T15:36:25 IST" name="openBrowser" finished-at="2025-04-26T15:36:25 IST" duration-ms="18" status="PASS">
          <reporter-output>
          </reporter-output>
        </test-method> <!-- openBrowser -->
      </class> <!-- package1.TestNG1 -->
    </test> <!-- Default test -->
  </suite> <!-- Default suite -->
</testng-results>
