<?xml version="1.0" encoding="UTF-8"?>
<testsuite name="Cucumber" time="17.785" tests="2" skipped="0" failures="0" errors="0" timestamp="2025-05-17T06:09:10.946530400Z">
<testcase classname="feature to test Login Functionality" name="verify to check Login is successful with valid credentials - #1.1" time="8.92">
<system-out><![CDATA[
Given user is on Login page.................................................passed
When user enter valid credentials "Admin" and "admin456"....................passed
And click on Login button...................................................passed
Then user is navigated to Home page.........................................passed
]]></system-out>
</testcase>
<testcase classname="feature to test Login Functionality" name="verify to check Login is successful with valid credentials - #1.2" time="8.684">
<system-out><![CDATA[
Given user is on Login page.................................................passed
When user enter valid credentials "Admin" and "admin123"....................passed
And click on Login button...................................................passed
Then user is navigated to Home page.........................................passed
]]></system-out>
</testcase>
</testsuite>
