<?xml version="1.0" encoding="UTF-8"?>
<testng-results ignored="0" total="3" passed="3" failed="0" skipped="0">
  <reporter-output>
  </reporter-output>
  <suite started-at="2025-05-13T16:31:06 IST" name="Default suite" finished-at="2025-05-13T16:31:07 IST" duration-ms="68">
    <groups>
    </groups>
    <test started-at="2025-05-13T16:31:06 IST" name="Default test" finished-at="2025-05-13T16:31:07 IST" duration-ms="68">
      <class name="package1.Test1">
        <test-method signature="login()[pri:2, instance:package1.Test1@57a3af25]" started-at="2025-05-13T16:31:07 IST" name="login" finished-at="2025-05-13T16:31:07 IST" duration-ms="11" status="PASS">
          <reporter-output>
          </reporter-output>
        </test-method> <!-- login -->
        <test-method signature="quit()[pri:2, instance:package1.Test1@57a3af25]" started-at="2025-05-13T16:31:07 IST" name="quit" finished-at="2025-05-13T16:31:07 IST" duration-ms="1" status="PASS">
          <reporter-output>
          </reporter-output>
        </test-method> <!-- quit -->
        <test-method signature="searching()[pri:2, instance:package1.Test1@57a3af25]" started-at="2025-05-13T16:31:07 IST" name="searching" finished-at="2025-05-13T16:31:07 IST" duration-ms="3" status="PASS">
          <reporter-output>
          </reporter-output>
        </test-method> <!-- searching -->
      </class> <!-- package1.Test1 -->
    </test> <!-- Default test -->
  </suite> <!-- Default suite -->
</testng-results>
