<?xml version="1.0" encoding="UTF-8"?>
<testng-results ignored="0" total="1" passed="1" failed="0" skipped="0">
  <reporter-output>
  </reporter-output>
  <suite started-at="2025-05-17T14:55:22 IST" name="Default suite" finished-at="2025-05-17T14:55:30 IST" duration-ms="7808">
    <groups>
      <group name="cucumber">
        <method signature="AbstractTestNGCucumberTests.runScenario(io.cucumber.testng.PickleWrapper,io.cucumber.testng.FeatureWrapper)[pri:0, instance:test_runner.TestRunnerRegister@55fe41ea]" name="runScenario" class="io.cucumber.testng.AbstractTestNGCucumberTests"/>
      </group> <!-- cucumber -->
    </groups>
    <test started-at="2025-05-17T14:55:22 IST" name="Default test" finished-at="2025-05-17T14:55:30 IST" duration-ms="7808">
      <class name="test_runner.TestRunnerRegister">
        <test-method is-config="true" signature="setUpClass(org.testng.ITestContext)[pri:0, instance:test_runner.TestRunnerRegister@55fe41ea]" started-at="2025-05-17T14:55:22 IST" name="setUpClass" finished-at="2025-05-17T14:55:23 IST" duration-ms="472" status="PASS">
          <params>
            <param index="0">
              <value>
                <![CDATA[org.testng.TestRunner@3402b4c9]]>
              </value>
            </param>
          </params>
          <reporter-output>
          </reporter-output>
        </test-method> <!-- setUpClass -->
        <test-method signature="runScenario(io.cucumber.testng.PickleWrapper,io.cucumber.testng.FeatureWrapper)[pri:0, instance:test_runner.TestRunnerRegister@55fe41ea]" started-at="2025-05-17T14:55:23 IST" name="runScenario" description="Runs Cucumber Scenarios" data-provider="scenarios" finished-at="2025-05-17T14:55:30 IST" duration-ms="7254" status="PASS">
          <params>
            <param index="0">
              <value>
                <![CDATA["Verify User Registration functionality"]]>
              </value>
            </param>
            <param index="1">
              <value>
                <![CDATA["User Registration"]]>
              </value>
            </param>
          </params>
          <reporter-output>
          </reporter-output>
        </test-method> <!-- runScenario -->
        <test-method is-config="true" signature="tearDownClass()[pri:0, instance:test_runner.TestRunnerRegister@55fe41ea]" started-at="2025-05-17T14:55:30 IST" name="tearDownClass" finished-at="2025-05-17T14:55:30 IST" duration-ms="39" status="PASS">
          <reporter-output>
          </reporter-output>
        </test-method> <!-- tearDownClass -->
      </class> <!-- test_runner.TestRunnerRegister -->
    </test> <!-- Default test -->
  </suite> <!-- Default suite -->
</testng-results>
