<?xml version="1.0" encoding="UTF-8"?>
<!-- Generated by org.testng.reporters.JUnitXMLReporter -->
<testsuite ignored="0" hostname="LAPTOP-QJOH5353" failures="0" tests="3" name="chromeTest" time="2.727" errors="0" timestamp="2025-05-06T17:15:53 IST">
  <testcase classname="package9.ParallelTest" name="testURL" time="0.014"/>
  <testcase classname="package9.ParallelTest" name="testLogo" time="0.036"/>
  <testcase classname="package9.ParallelTest" name="testTitle" time="0.017"/>
</testsuite> <!-- chromeTest -->
