<?xml version="1.0" encoding="UTF-8"?>
<!-- Generated by org.testng.reporters.JUnitXMLReporter -->
<testsuite ignored="0" hostname="LAPTOP-QJOH5353" failures="0" tests="3" name="edgeTest" time="5.69" errors="0" timestamp="2025-05-06T17:15:56 IST">
  <testcase classname="package9.ParallelTest" name="testURL" time="0.012"/>
  <testcase classname="package9.ParallelTest" name="testLogo" time="0.025"/>
  <testcase classname="package9.ParallelTest" name="testTitle" time="0.011"/>
</testsuite> <!-- edgeTest -->
