<?xml version="1.0" encoding="UTF-8"?>
<!-- Generated by org.testng.reporters.JUnitXMLReporter -->
<testsuite ignored="2" hostname="LAPTOP-QJOH5353" failures="0" tests="6" name="Test" time="0.063" errors="0" timestamp="2025-05-05T12:25:51 IST">
  <testcase classname="package7.SignupTests" name="signupByGmail" time="0.008"/>
  <testcase classname="package7.SignupTests" name="signupByFacebook" time="0.001"/>
  <testcase classname="package7.SignupTests" name="signupBySkype" time="0.001"/>
  <testcase classname="package7.LoginTests" name="loginByGmail" time="0.002"/>
  <testcase classname="package7.LoginTests" name="loginByFaceBook" time="0.003"/>
  <testcase classname="package7.LoginTests" name="loginBySkype" time="0.002"/>
  <testcase classname="package7.PaymentTests" name="paymentInRupees" time="0.0">
    <ignored/>
  </testcase> <!-- paymentInRupees -->
  <testcase classname="package7.PaymentTests" name="paymentInDollar" time="0.0">
    <ignored/>
  </testcase> <!-- paymentInDollar -->
</testsuite> <!-- Test -->
